<?xml version="1.0" encoding="UTF-8"?>
<!-- Generated by org.testng.reporters.JUnitReportReporter -->
<testsuite hostname="DESKTOP-4N84MDJ" failures="0" tests="2" name="sarvm_HHA.Tests.FavouritesValidation" time="52.796" errors="0" timestamp="2024-04-18T19:31:59 IST" skipped="0">
  <testcase classname="sarvm_HHA.Tests.FavouritesValidation" name="makeShopUnfavorite" time="32.598"/>
  <system-out/>
  <testcase classname="sarvm_HHA.Tests.FavouritesValidation" name="makeShopFavorite" time="20.198"/>
  <system-out/>
</testsuite> <!-- sarvm_HHA.Tests.FavouritesValidation -->
