<?xml version="1.0" encoding="UTF-8"?>
<!-- Generated by org.testng.reporters.JUnitReportReporter -->
<testsuite hostname="DESKTOP-4N84MDJ" failures="0" tests="1" name="sarvm_HHA.Tests.AddresValidation" time="30.856" errors="0" timestamp="2024-04-19T12:42:44 IST" skipped="0">
  <testcase classname="sarvm_HHA.Tests.AddresValidation" name="deleteWorkaddress" time="30.856"/>
  <system-out/>
</testsuite> <!-- sarvm_HHA.Tests.AddresValidation -->
