<?xml version="1.0" encoding="UTF-8"?>
<!-- Generated by org.testng.reporters.JUnitReportReporter -->
<testsuite hostname="DESKTOP-4N84MDJ" failures="0" tests="1" name="sarvm_HHA.Tests.OrderValidation" time="244.709" errors="0" timestamp="2024-04-22T18:35:32 IST" skipped="0">
  <testcase classname="sarvm_HHA.Tests.OrderValidation" name="makeMultivendorOrder" time="244.709"/>
  <system-out/>
</testsuite> <!-- sarvm_HHA.Tests.OrderValidation -->
